
info [Thu Sep 07 2017 00:22:49 GMT+0530 (India Standard Time)]  Rascala - JIRA support - 5
info [Thu Sep 07 2017 00:25:33 GMT+0530 (India Standard Time)]  No Name - Sequence Information - Code - 10





info [Fri Sep 08 2017 10:15:46 GMT+0530 (India Standard Time)]  Rascala - Sequence Information - DevOps - 10
info [Fri Sep 08 2017 10:23:08 GMT+0530 (India Standard Time)]  No Name - Sequence Information - Code - 10
info [Fri Sep 08 2017 10:25:46 GMT+0530 (India Standard Time)]  Sparkles - Sequence Information - Test - 10
info [Fri Sep 08 2017 10:27:05 GMT+0530 (India Standard Time)]  Sparkles - Sequence Information - Test - 10

info [Fri Sep 08 2017 11:26:29 GMT+0530 (India Standard Time)]  No Name - User story closure - 25
info [Fri Sep 08 2017 11:38:42 GMT+0530 (India Standard Time)]  No Name - Sequence Information - Code - 10
info [Fri Sep 08 2017 11:38:46 GMT+0530 (India Standard Time)]  No Name - Sequence Information - Test - 10
info [Fri Sep 08 2017 11:38:51 GMT+0530 (India Standard Time)]  No Name - Sequence Information - Infra - 10
info [Fri Sep 08 2017 11:38:54 GMT+0530 (India Standard Time)]  No Name - Sequence Information - DevOps - 10
info [Fri Sep 08 2017 11:48:58 GMT+0530 (India Standard Time)]  Sparkles - Sequence Information - Code - 10
info [Fri Sep 08 2017 12:01:36 GMT+0530 (India Standard Time)]  Sparkles - Sequence Information - DevOps - 10
info [Fri Sep 08 2017 12:05:20 GMT+0530 (India Standard Time)]  Sparkles - Sequence Information - Code - 10
info [Fri Sep 08 2017 12:06:37 GMT+0530 (India Standard Time)]  Sparkles - Sequence Information - Test - 10
info [Fri Sep 08 2017 12:11:14 GMT+0530 (India Standard Time)]  No Name - Sequence Information - Code - 10
info [Fri Sep 08 2017 12:20:58 GMT+0530 (India Standard Time)]  No Name - Sequence Information - Test - 10
info [Fri Sep 08 2017 12:27:15 GMT+0530 (India Standard Time)]  Rascala - Sequence Information - Test - 10
info [Fri Sep 08 2017 12:34:30 GMT+0530 (India Standard Time)]  Rascala - Sequence Information - Code - 10


info [Fri Sep 08 2017 15:50:07 GMT+0530 (India Standard Time)]  No Name - Sequence Information - Test - 10
info [Fri Sep 08 2017 16:00:10 GMT+0530 (India Standard Time)]  Sparkles - Sequence Information - Test - 10
info [Fri Sep 08 2017 16:03:44 GMT+0530 (India Standard Time)]  Sparkles - Sequence Information - Test - 10
info [Fri Sep 08 2017 16:14:14 GMT+0530 (India Standard Time)]  Rascala - User story closure - 25
info [Fri Sep 08 2017 16:16:39 GMT+0530 (India Standard Time)]  No Name - Sequence Information - Code - 10
info [Fri Sep 08 2017 16:19:17 GMT+0530 (India Standard Time)]  No Name - Sequence Information - Code - 10
info [Fri Sep 08 2017 16:21:06 GMT+0530 (India Standard Time)]  Sparkles - Sequence Information - Code - 10
info [Fri Sep 08 2017 16:21:11 GMT+0530 (India Standard Time)]  Sparkles - Sequence Information - Code - 10
info [Fri Sep 08 2017 16:21:27 GMT+0530 (India Standard Time)]  Sparkles - Sequence Information - Code - 10
info [Fri Sep 08 2017 16:21:32 GMT+0530 (India Standard Time)]  Sparkles - Sequence Information - Test - 10
info [Fri Sep 08 2017 16:25:39 GMT+0530 (India Standard Time)]  Sparkles - Sequence Information - Test - 10
info [Fri Sep 08 2017 16:29:53 GMT+0530 (India Standard Time)]  No Name - Sequence Information - Code - 10
info [Fri Sep 08 2017 16:29:57 GMT+0530 (India Standard Time)]  No Name - Sequence Information - Code - 10
info [Fri Sep 08 2017 16:35:08 GMT+0530 (India Standard Time)]  Sparkles - Sequence Information - Code - 10
info [Fri Sep 08 2017 16:41:48 GMT+0530 (India Standard Time)]  Rascala - Architectural support - 5
info [Fri Sep 08 2017 16:47:18 GMT+0530 (India Standard Time)]  No Name - Sequence Information - Code - 10
info [Fri Sep 08 2017 17:06:48 GMT+0530 (India Standard Time)]  Sparkles - Sequence Information - Code - 10
info [Fri Sep 08 2017 17:07:03 GMT+0530 (India Standard Time)]  Sparkles - Sequence Information - Code - 10
info [Fri Sep 08 2017 17:07:17 GMT+0530 (India Standard Time)]  Sparkles - Sequence Information - Code - 10
info [Fri Sep 08 2017 17:07:55 GMT+0530 (India Standard Time)]  Sparkles - Sequence Information - Code - 10

info [Fri Sep 08 2017 17:24:34 GMT+0530 (India Standard Time)]  Sparkles - Sequence Information - Code - 10
info [Fri Sep 08 2017 17:33:15 GMT+0530 (India Standard Time)]  Rascala - Sequence Information - Test - 10
info [Fri Sep 08 2017 17:33:35 GMT+0530 (India Standard Time)]  Rascala - Sequence Information - Test - 10
info [Fri Sep 08 2017 17:37:45 GMT+0530 (India Standard Time)]  Rascala - Sequence Information - Code - 10
info [Fri Sep 08 2017 17:45:14 GMT+0530 (India Standard Time)]  No Name - Sequence Information - Code - 10
info [Fri Sep 08 2017 17:50:47 GMT+0530 (India Standard Time)]  Rascala - Sequence Information - Test - 10
info [Fri Sep 08 2017 17:55:20 GMT+0530 (India Standard Time)]  Rascala - Sequence Information - Code - 10
info [Fri Sep 08 2017 17:55:21 GMT+0530 (India Standard Time)]  Rascala - Sequence Information - Code - 10




info [Sat Sep 09 2017 10:04:27 GMT+0530 (India Standard Time)]  Rascala - Sequence Information - Test - 10
info [Sat Sep 09 2017 10:08:58 GMT+0530 (India Standard Time)]  No Name - Sequence Information - Code - 10
info [Sat Sep 09 2017 10:53:20 GMT+0530 (India Standard Time)]  Sparkles - Sequence Information - Code - 10
info [Sat Sep 09 2017 10:53:28 GMT+0530 (India Standard Time)]  Sparkles - Sequence Information - Test - 10
info [Sat Sep 09 2017 10:54:03 GMT+0530 (India Standard Time)]  Sparkles - Sequence Information - Infra - 10
info [Sat Sep 09 2017 10:54:11 GMT+0530 (India Standard Time)]  Sparkles - Sequence Information - DevOps - 10
info [Sat Sep 09 2017 14:29:09 GMT+0530 (India Standard Time)]  No Name - Sequence Information - Code - 10
info [Sat Sep 09 2017 14:29:14 GMT+0530 (India Standard Time)]  No Name - Sequence Information - Test - 10
info [Sat Sep 09 2017 14:29:19 GMT+0530 (India Standard Time)]  No Name - Sequence Information - Infra - 10
info [Sat Sep 09 2017 14:29:25 GMT+0530 (India Standard Time)]  No Name - Sequence Information - DevOps - 10
info [Sat Sep 09 2017 14:29:58 GMT+0530 (India Standard Time)]  No Name - Sequence Information - Code - 10
info [Sat Sep 09 2017 14:30:03 GMT+0530 (India Standard Time)]  No Name - Sequence Information - Test - 10
info [Sat Sep 09 2017 14:30:09 GMT+0530 (India Standard Time)]  No Name - Sequence Information - Infra - 10
info [Sat Sep 09 2017 14:30:13 GMT+0530 (India Standard Time)]  No Name - Sequence Information - DevOps - 10
info [Sat Sep 09 2017 14:30:25 GMT+0530 (India Standard Time)]  Sparkles - Sequence Information - Code - 10
info [Sat Sep 09 2017 15:58:51 GMT+0530 (India Standard Time)]  No Name - User story closure - 25
info [Sat Sep 09 2017 16:06:15 GMT+0530 (India Standard Time)]  Rascala - User story closure - 25
info [Sat Sep 09 2017 16:06:47 GMT+0530 (India Standard Time)]  Sparkles - User story closure - 25

















































































































