[20 09 2017 14:49:56.447] [INFO] - User - Dhanasankar Sabanayagam - select - userDashBoard
[20 09 2017 14:59:06.699] [INFO] - User - Dhanasankar Sabanayagam - select - userDashBoard
[20 09 2017 15:04:32.535] [INFO] - User - Dhanasankar Sabanayagam - select - userDashBoard
[20 09 2017 15:11:36.138] [INFO] - User - Dhanasankar Sabanayagam - select - userDashBoard
[20 09 2017 18:59:06.466] [INFO] -  - User - Dhanasankar Sabanayagam select - domain - Phlebotomist
[20 09 2017 18:59:12.876] [INFO] -  - User - Dhanasankar Sabanayagam select - domain - Coordinator
[20 09 2017 18:59:16.595] [INFO] - User - Dhanasankar Sabanayagam - select - userstory - Coordinator: List Appointment
[20 09 2017 18:59:20.045] [INFO] -  - User - Dhanasankar Sabanayagam select - domain - Coordinator
[20 09 2017 18:59:23.969] [INFO] - User - Dhanasankar Sabanayagam - select - userstory - Coordinator: Login
[20 09 2017 18:59:27.874] [INFO] -  - User - Dhanasankar Sabanayagam select - domain - Coordinator
[20 09 2017 18:59:31.083] [INFO] - User - Dhanasankar Sabanayagam - select - userstory - Coordinator: Reschedule Appointment
[20 09 2017 18:59:34.789] [INFO] -  - User - Dhanasankar Sabanayagam select - domain - Coordinator
[20 09 2017 18:59:38.528] [INFO] - User - Dhanasankar Sabanayagam - select - userstory - Coordinator: Cancel Appointment
[20 09 2017 18:59:42.108] [INFO] -  - User - Dhanasankar Sabanayagam select - domain - Coordinator
[20 09 2017 18:59:46.000] [INFO] - User - Dhanasankar Sabanayagam - select - userstory - Coordinator: List Phlebotomist
[20 09 2017 18:59:49.312] [INFO] -  - User - Dhanasankar Sabanayagam select - domain - Coordinator
[20 09 2017 18:59:52.197] [INFO] - User - Dhanasankar Sabanayagam - select - userstory - Coordinator: Assign Appointment
[20 09 2017 18:59:55.501] [INFO] -  - User - Dhanasankar Sabanayagam select - domain - Coordinator
[20 09 2017 19:00:00.488] [INFO] - User - Dhanasankar Sabanayagam - select - userstory - Coordinator: View Phlebotomist Location
[20 09 2017 19:00:03.833] [INFO] -  - User - Dhanasankar Sabanayagam select - domain - Coordinator
[20 09 2017 19:00:06.948] [INFO] - User - Dhanasankar Sabanayagam - select - userstory - Coordinator: Search
[20 09 2017 19:00:09.991] [INFO] -  - User - Dhanasankar Sabanayagam select - domain - Coordinator
[20 09 2017 19:00:13.281] [INFO] - User - Dhanasankar Sabanayagam - select - userstory - Coordinator: Message Patient
[20 09 2017 19:00:16.097] [INFO] -  - User - Dhanasankar Sabanayagam select - domain - Coordinator
[20 09 2017 19:00:20.049] [INFO] - User - Dhanasankar Sabanayagam - select - userstory - Coordinator: Logout
[20 09 2017 19:00:24.179] [INFO] -  - User - Dhanasankar Sabanayagam select - domain - Coordinator
[20 09 2017 19:00:27.316] [INFO] - User - Dhanasankar Sabanayagam - select - userstory - Coordinator: View Phlebotomist Details
[20 09 2017 19:00:30.203] [INFO] -  - User - Dhanasankar Sabanayagam select - domain - Coordinator
[20 09 2017 19:00:33.804] [INFO] - User - Dhanasankar Sabanayagam - select - userstory - Coordinator: De-allocate
[20 09 2017 19:05:47.642] [INFO] - User - Dhanasankar Sabanayagam - select - userDashBoard
[20 09 2017 19:09:02.719] [INFO] -  - User - Dhanasankar Sabanayagam select - domain - Patient
[20 09 2017 19:09:04.251] [INFO] - User - Dhanasankar Sabanayagam - select - userDashBoard
[20 09 2017 19:09:34.922] [INFO] -  - User - Dhanasankar Sabanayagam select - domain - Customer Care
[20 09 2017 19:09:37.711] [INFO] - User - Dhanasankar Sabanayagam - select - userstory - Customer Care: View Patient's Details
[20 09 2017 19:09:40.126] [INFO] - User - Dhanasankar Sabanayagam - select - userDashBoard
[20 09 2017 19:09:57.950] [INFO] - User- User - Dhanasankar Sabanayagam - click - Exit Userstory - Customer Care: View Patient's Details
[20 09 2017 19:10:01.645] [INFO] - User - Dhanasankar Sabanayagam - select - userDashBoard
[20 09 2017 19:10:25.521] [INFO] -  - User - Dhanasankar Sabanayagam select - domain - Non Functional Requirement
[20 09 2017 19:10:43.452] [INFO] -  - User - Dhanasankar Sabanayagam select - domain - Customer Care
[20 09 2017 19:10:45.995] [INFO] - User - Dhanasankar Sabanayagam - select - userstory - Customer Care: View Patient's Details
[20 09 2017 19:11:14.414] [INFO] - User- User - Dhanasankar Sabanayagam - click - Exit Userstory - Customer Care: View Patient's Details
[20 09 2017 19:11:51.115] [INFO] - User - Vijayalakshmi Venkataraman - select - profile
[20 09 2017 19:11:57.957] [INFO] - User- User - Dhanasankar Sabanayagam - click - Exit Userstory - Customer Care: View Patient's Details
[20 09 2017 19:12:00.356] [INFO] -  - User - Vijayalakshmi Venkataraman select - domain - Phlebotomist
[20 09 2017 19:12:03.452] [INFO] - User - Vijayalakshmi Venkataraman - select - userDashBoard
[20 09 2017 19:12:14.817] [INFO] -  - User - Vijayalakshmi Venkataraman select - domain - Customer Care
[20 09 2017 19:12:17.722] [INFO] - User - Vijayalakshmi Venkataraman - select - userstory - Customer Care: View Patient's Details
[20 09 2017 19:12:21.984] [INFO] - User - Vijayalakshmi Venkataraman - select - userDashBoard
[20 09 2017 19:13:14.453] [INFO] - User- User - Dhanasankar Sabanayagam - click - Exit Userstory - Customer Care: View Patient's Details
[20 09 2017 19:13:57.962] [INFO] - User- User - Dhanasankar Sabanayagam - click - Exit Userstory - Customer Care: View Patient's Details
[20 09 2017 19:14:03.481] [INFO] - User - Vijayalakshmi Venkataraman - select - userDashBoard
